|\hrulefill|
    Timestamp: Function (Duration)
|\tiny\hrulefill|
3499669678000: __schedule (16500)
3499669694500: rcu_note_context_switch (12500)
3499669707000: __schedule (8500)
3499669715500: _raw_spin_lock_irq (9000)
3499669724500: __schedule (25500)
3499669750000: fw_notify (9500)
3499669759500: _raw_read_lock (8000)
3499669767500: fw_notify (13500)
3499669781000: __fw_block (6500)
3499669787500: _raw_spin_lock (8000)
3499669795500: __fw_block (7000)
3499669802500: fw_notify (14500)
3499669817000: __schedule (15000)
3499669832000: fw_schedule (9500)
3499669841500: topo_get_termination (9000)
3499669850500: fw_schedule (4500)
3499669855000: _raw_spin_lock (8000)
3499669863000: fw_schedule (3000)
3499669866000: fw_pipe_clean (29000)
3499669895000: fw_schedule (3000)
3499669898000: fw_list_empty (7500)
3499669905500: fw_schedule (14000)
3499669919500: _raw_spin_lock (8000)
3499669927500: fw_schedule (21000)
3499669948500: __schedule (25500)
3499669974000: fw_notify (9500)
3499669983500: _raw_read_lock (8000)
3499669991500: fw_notify (13500)
3499670005000: __fw_dispatch (6500)
3499670011500: _raw_spin_lock (8000)
3499670019500: __fw_dispatch (6000)
3499670025500: fw_pipe_remove (14500)
3499670040000: _raw_spin_lock (7500)
3499670047500: fw_pipe_remove (15500)
3499670063000: fw_list_del (16000)
3499670079000: fw_pipe_remove (4000)
3499670083000: fw_list_add_tail (8500)
3499670091500: fw_pipe_remove (17500)
3499670109000: __fw_dispatch (4000)
3499670113000: depth_pipe_update_stage_0 (10500)
3499670123500: _raw_spin_lock (7500)
3499670131000: depth_pipe_update_stage_0 (27500)
3499670158500: fw_pipe_remove (14500)
3499670173000: _raw_spin_lock (7500)
3499670180500: fw_pipe_remove (15500)
3499670196000: fw_list_del (16000)
3499670212000: fw_pipe_remove (4000)
3499670216000: fw_list_add_tail (8500)
3499670224500: fw_pipe_remove (17000)
3499670241500: depth_pipe_update_stage_0 (13000)
3499670254500: fw_pipe_clean (21500)
3499670276000: fw_list_del (16000)
3499670292000: fw_pipe_clean (24500)
3499670316500: depth_pipe_update_stage_0 (5500)
3499670322000: term_pipe_update (6500)
3499670328500: _raw_spin_lock (7500)
3499670336000: term_pipe_update (3500)
3499670339500: fw_pipe_clean (21500)
3499670361000: fw_list_del (16000)
3499670377000: fw_pipe_clean (24000)
3499670401000: term_pipe_update (5500)
3499670406500: depth_pipe_update_stage_0 (9000)
3499670415500: __fw_dispatch (4500)
3499670420000: fw_notify (15000)
3499670435000: __schedule (59000)
3499670494000: __switch_to (105500)
3499670599500: __schedule (11000)
3499670610500: finish_task_switch (44000)
3499670654500: __schedule (11500)
